0 info it worked if it ends with ok
1 verbose cli [ '/usr/local/bin/node', '/usr/local/bin/npm', 'publish' ]
2 info using npm@2.14.4
3 info using node@v4.1.1
4 verbose publish [ '.' ]
5 silly cache add args [ '.', null ]
6 verbose cache add spec .
7 silly cache add parsed spec Result {
7 silly cache add   raw: '.',
7 silly cache add   scope: null,
7 silly cache add   name: null,
7 silly cache add   rawSpec: '.',
7 silly cache add   spec: '/Users/micahwilliamson/Projects/rt-reader',
7 silly cache add   type: 'directory' }
8 verbose addLocalDirectory /Users/micahwilliamson/.npm/rt-reader/1.0.1/package.tgz not in flight; packing
9 verbose tar pack [ '/Users/micahwilliamson/.npm/rt-reader/1.0.1/package.tgz',
9 verbose tar pack   '/Users/micahwilliamson/Projects/rt-reader' ]
10 verbose tarball /Users/micahwilliamson/.npm/rt-reader/1.0.1/package.tgz
11 verbose folder /Users/micahwilliamson/Projects/rt-reader
12 info prepublish rt-reader@1.0.1
13 verbose addLocalTarball adding from inside cache /Users/micahwilliamson/.npm/rt-reader/1.0.1/package.tgz
14 silly cache afterAdd rt-reader@1.0.1
15 verbose afterAdd /Users/micahwilliamson/.npm/rt-reader/1.0.1/package/package.json not in flight; writing
16 verbose afterAdd /Users/micahwilliamson/.npm/rt-reader/1.0.1/package/package.json written
17 silly publish { name: 'rt-reader',
17 silly publish   version: '1.0.1',
17 silly publish   description: 'Reads a rt article from rt.com',
17 silly publish   main: 'index.js',
17 silly publish   scripts: { test: 'echo "Error: no test specified" && exit 1' },
17 silly publish   repository:
17 silly publish    { type: 'git',
17 silly publish      url: 'git+https://github.com/iamchairs/rt-reader.git' },
17 silly publish   author: { name: 'Micah Williamson' },
17 silly publish   license: 'MIT',
17 silly publish   bugs: { url: 'https://github.com/iamchairs/rt-reader/issues' },
17 silly publish   homepage: 'https://github.com/iamchairs/rt-reader#readme',
17 silly publish   dependencies:
17 silly publish    { q: '^1.4.1',
17 silly publish      request: '^2.65.0',
17 silly publish      'sanitize-html': '^1.11.1',
17 silly publish      xmldom: '^0.1.19' },
17 silly publish   readme: 'bbc-reader\n----------\n\nScrape a BBC article from BBC.com\n\n\n## Install\n\n```\nnpm install bbc-reader --save\n```\n\n## Use\n\n```\n   var BBCReader = require(\'bbc-reader\');\n   var bbcreader = new BBCReader();\n\n   // Promise\n   bbcreader.read(\'http://www.bbc.com/news/world-europe-34602621\').then(function(article) {\n      // Do Something with Article\n   });\n\n   // Callback\n   bbcreader.read(\'http://www.bbc.com/news/world-europe-34602621\', function(article) {\n      // Do Something with Article\n   });\n```\n\n## Article\n\n```\nvar Article = {\n   title: \'\',\n   datetime: \'\',\n   body: {\n      clean: \'\',\n      markdown: \'\'\n   },\n   images: [\n      {\n         full: \'\'\n      }\n   ],\n   source: \'\'\n};\n```\n\n**title**\nThe title of the Article. What appears in the h1 on the page.\n\n**datetime**\nThe datetime with timezone of the last update of the article. Format: `YY-mm-dd H:i:s GMT`. The datetime will always be `GMT+0000`.\n\n**body**\nThe body of the article. Comes in two formats. *clean* and *minimal*. The clean format removes all html elements and separates paragraphs by two newlines. Markdown attempts to provide a markdown version of the article.\n\n**images**\nAn array of image urls found in the body. Comes in sizes `full` for each image.\n\n**source**\nThe url of the bbc article.',
17 silly publish   readmeFilename: 'README.md',
17 silly publish   gitHead: '022f3f044247449f29fc1efcb562566ffbd52cde',
17 silly publish   _id: 'rt-reader@1.0.1',
17 silly publish   _shasum: '2417f936cafc70f895fff38bfaacdd206f439ad3',
17 silly publish   _from: '.' }
18 verbose getPublishConfig undefined
19 silly mapToRegistry name rt-reader
20 silly mapToRegistry using default registry
21 silly mapToRegistry registry https://registry.npmjs.org/
22 silly mapToRegistry uri https://registry.npmjs.org/rt-reader
23 verbose publish registryBase https://registry.npmjs.org/
24 silly publish uploading /Users/micahwilliamson/.npm/rt-reader/1.0.1/package.tgz
25 verbose request uri https://registry.npmjs.org/rt-reader
26 verbose request sending authorization for write operation
27 info attempt registry request try #1 at 8:00:23 PM
28 verbose request using bearer token for auth
29 verbose request id 103a9cd119252479
30 http request PUT https://registry.npmjs.org/rt-reader
31 http 403 https://registry.npmjs.org/rt-reader
32 verbose headers { 'content-type': 'application/json',
32 verbose headers   'cache-control': 'max-age=60',
32 verbose headers   'content-length': '95',
32 verbose headers   'accept-ranges': 'bytes',
32 verbose headers   date: 'Tue, 03 Nov 2015 02:00:24 GMT',
32 verbose headers   via: '1.1 varnish',
32 verbose headers   connection: 'keep-alive',
32 verbose headers   'x-served-by': 'cache-dfw1823-DFW',
32 verbose headers   'x-cache': 'MISS',
32 verbose headers   'x-cache-hits': '0',
32 verbose headers   'x-timer': 'S1446516023.909719,VS0,VE797' }
33 verbose request invalidating /Users/micahwilliamson/.npm/registry.npmjs.org/rt-reader on PUT
34 error publish Failed PUT 403
35 verbose stack Error: "You cannot publish over the previously published version 1.0.1." : rt-reader
35 verbose stack     at makeError (/usr/local/lib/node_modules/npm/node_modules/npm-registry-client/lib/request.js:263:12)
35 verbose stack     at CachingRegistryClient.<anonymous> (/usr/local/lib/node_modules/npm/node_modules/npm-registry-client/lib/request.js:251:14)
35 verbose stack     at Request._callback (/usr/local/lib/node_modules/npm/node_modules/npm-registry-client/lib/request.js:171:14)
35 verbose stack     at Request.self.callback (/usr/local/lib/node_modules/npm/node_modules/request/request.js:198:22)
35 verbose stack     at emitTwo (events.js:87:13)
35 verbose stack     at Request.emit (events.js:172:7)
35 verbose stack     at Request.<anonymous> (/usr/local/lib/node_modules/npm/node_modules/request/request.js:1073:14)
35 verbose stack     at emitOne (events.js:82:20)
35 verbose stack     at Request.emit (events.js:169:7)
35 verbose stack     at IncomingMessage.<anonymous> (/usr/local/lib/node_modules/npm/node_modules/request/request.js:1019:12)
36 verbose statusCode 403
37 verbose pkgid rt-reader
38 verbose cwd /Users/micahwilliamson/Projects/rt-reader
39 error Darwin 15.0.0
40 error argv "/usr/local/bin/node" "/usr/local/bin/npm" "publish"
41 error node v4.1.1
42 error npm  v2.14.4
43 error code E403
44 error "You cannot publish over the previously published version 1.0.1." : rt-reader
45 error If you need help, you may report this error at:
45 error     <https://github.com/npm/npm/issues>
46 verbose exit [ 1, true ]
